---> : uci
<--- : id name Chessica
<--- : id author htw saar
<--- : option name Depth type spin default 4 min 2 max 10
<--- : option name use_AlphaBeta type check default true
<--- : option name RandomizerValue type spin default 0 min 0 max 100
<--- : option name use_Material_Rating type check default true
<--- : option name use_KinginDanger_Rating type check default true
<--- : option name KinginDanger_PieceCount type spin default 15 min 1 max 50
<--- : option name use_DangerPositions_Rating type check default true
<--- : option name use_Position_Rating type check default true
<--- : option name use_PawnStructure_Rating type check default true
<--- : uciok
---> : setoption name use_PawnStructure_Rating value false
---> : isready
<--- : readyok
---> : ucinewgame
---> : isready
<--- : readyok
---> : position startpos moves b1c3
<--- : INFO DEBUG: Start moving
<--- : INFO DEBUG: CURRENT BOARD RATING: 262
<--- : INFO DEBUG: IM BLACK!
<--- : INFO DEBUG: Move succesful
---> : go infinite
<--- : INFO DEBUG: start go
<--- : info currmove b8c6 currmovenumber 0
<--- : info currmove g8f6 currmovenumber 1
<--- : info currmove e7e5 currmovenumber 2
<--- : info currmove d7d5 currmovenumber 3
<--- : info currmove e7e6 currmovenumber 4
<--- : info currmove d7d6 currmovenumber 5
<--- : info currmove b8a6 currmovenumber 6
<--- : info currmove g8h6 currmovenumber 7
<--- : info currmove h7h6 currmovenumber 8
<--- : info currmove a7a6 currmovenumber 9
<--- : info currmove h7h5 currmovenumber 10
<--- : info currmove a7a5 currmovenumber 11
<--- : info currmove c7c5 currmovenumber 12
<--- : info currmove g7g5 currmovenumber 13
<--- : info currmove b7b5 currmovenumber 14
<--- : info currmove f7f5 currmovenumber 15
<--- : info currmove b7b6 currmovenumber 16
<--- : info currmove g7g6 currmovenumber 17
<--- : info currmove c7c6 currmovenumber 18
<--- : info currmove f7f6 currmovenumber 19
<--- : INFO DEBUG: 1034 black pawn
<--- : INFO DEBUG: 562 black pawn
<--- : INFO DEBUG: 1206 black pawn
<--- : INFO DEBUG: 950 black knight
<--- : INFO DEBUG: 1006 black pawn
<--- : INFO DEBUG: 1078 black pawn
<--- : INFO DEBUG: 978 black knight
<--- : INFO DEBUG: 2053 black pawn
<--- : INFO DEBUG: 1206 black pawn
<--- : INFO DEBUG: 888 black pawn
<--- : INFO DEBUG: 1047 black pawn
<--- : INFO DEBUG: 1075 black pawn
<--- : INFO DEBUG: 565 black pawn
<--- : INFO DEBUG: 1103 black pawn
<--- : INFO DEBUG: 1047 black pawn
<--- : INFO DEBUG: 1025 black pawn
<--- : INFO DEBUG: 744 black knight
<--- : INFO DEBUG: 928 black pawn
<--- : INFO DEBUG: 1003 black pawn
<--- : INFO DEBUG: 888 black knight
<--- : INFO DEBUG: CURRENT BOARD RATING: 300
<--- : info score cp -30
<--- : bestmove c7c5
<--- : INFO DEBUG: Go succesful
---> : quit
